<?xml version="1.0" encoding="UTF-8"?>
<testsuite name="MoodAnalyserTest" tests="1" skipped="0" failures="0" errors="0" timestamp="2020-08-12T17:29:14" hostname="SUJITGARGATE" time="0.006">
  <properties/>
  <testcase name="givenNullMessage_Should_Return_Happy" classname="MoodAnalyserTest" time="0.006"/>
  <system-out><![CDATA[]]></system-out>
  <system-err><![CDATA[]]></system-err>
</testsuite>
