<?xml version="1.0" encoding="UTF-8"?>
<testsuite name="MoodAnalyserTest" tests="2" skipped="0" failures="0" errors="0" timestamp="2020-08-12T15:20:40" hostname="SUJITGARGATE" time="0.005">
  <properties/>
  <testcase name="givenMessage_Should_Return_Happy" classname="MoodAnalyserTest" time="0.004"/>
  <testcase name="givenMessage_Should_Return_Sad" classname="MoodAnalyserTest" time="0.0"/>
  <system-out><![CDATA[]]></system-out>
  <system-err><![CDATA[]]></system-err>
</testsuite>
