<?xml version="1.0" encoding="UTF-8"?>
<testsuite name="MoodAnalyserTest" tests="1" skipped="0" failures="0" errors="0" timestamp="2020-08-12T17:47:19" hostname="SUJITGARGATE" time="0.014">
  <properties/>
  <testcase name="invalidMood_Test" classname="MoodAnalyserTest" time="0.014"/>
  <system-out><![CDATA[Enter Valid Input
]]></system-out>
  <system-err><![CDATA[]]></system-err>
</testsuite>
