<?xml version="1.0" encoding="UTF-8"?>
<testsuite name="MoodAnalyserTest" tests="2" skipped="0" failures="0" errors="0" timestamp="2020-08-12T13:01:05" hostname="SUJITGARGATE" time="0.006">
  <properties/>
  <testcase name="check_SadMood" classname="MoodAnalyserTest" time="0.005"/>
  <testcase name="check_HappyMood" classname="MoodAnalyserTest" time="0.0"/>
  <system-out><![CDATA[]]></system-out>
  <system-err><![CDATA[]]></system-err>
</testsuite>
