<?xml version="1.0" encoding="UTF-8"?>
<testsuite name="MoodAnalyserTest" tests="1" skipped="0" failures="0" errors="0" timestamp="2020-08-13T03:32:03" hostname="SUJITGARGATE" time="684.618">
  <properties/>
  <testcase name="invalidMood_Should_Throw_Exception" classname="MoodAnalyserTest" time="684.618"/>
  <system-out><![CDATA[]]></system-out>
  <system-err><![CDATA[]]></system-err>
</testsuite>
